SF:lib\atoms\app_text\app_text.dart
DA:39,12
DA:60,9
DA:62,9
DA:65,9
DA:68,9
DA:69,9
DA:70,9
DA:71,9
DA:74,9
DA:75,9
DA:77,9
DA:78,9
DA:79,9
DA:83,9
DA:84,9
DA:86,9
DA:87,9
DA:88,1
DA:89,0
DA:90,9
DA:91,1
DA:92,0
DA:93,9
DA:94,1
DA:95,0
DA:96,9
DA:97,7
DA:98,0
DA:99,8
DA:100,3
DA:101,0
DA:102,8
DA:103,1
DA:104,0
DA:105,8
DA:106,5
DA:107,0
DA:108,7
DA:109,5
DA:110,0
DA:111,5
DA:112,5
DA:113,0
DA:114,1
DA:115,1
DA:116,0
DA:121,0
DA:122,0
LF:48
LH:36
end_of_record
SF:lib\atoms\app_button\app_button.dart
DA:7,3
DA:26,2
DA:28,2
DA:31,6
DA:33,2
DA:35,7
DA:36,0
DA:38,7
DA:39,0
DA:41,2
DA:42,2
DA:43,2
DA:44,2
DA:49,2
DA:50,2
DA:51,1
DA:52,1
DA:53,1
DA:61,2
DA:63,2
DA:64,3
DA:67,1
DA:69,1
DA:70,3
DA:72,3
DA:77,6
DA:80,2
DA:81,2
DA:83,2
DA:84,2
DA:85,2
DA:86,2
DA:87,2
DA:88,2
DA:89,2
DA:90,2
DA:93,1
DA:94,1
DA:95,1
DA:96,1
DA:97,1
DA:98,1
DA:99,1
DA:102,1
DA:103,1
DA:104,1
DA:105,1
DA:106,1
DA:107,1
DA:109,2
DA:111,1
DA:112,1
DA:113,1
DA:114,1
DA:115,1
DA:116,1
DA:122,2
DA:123,2
DA:124,2
DA:126,2
DA:128,2
DA:130,1
DA:135,0
DA:136,0
DA:137,0
DA:139,0
DA:141,0
DA:143,0
DA:148,1
DA:149,1
DA:150,1
DA:152,1
DA:154,1
DA:156,1
DA:161,2
DA:162,2
DA:163,2
DA:165,2
DA:167,2
DA:169,1
LF:80
LH:72
end_of_record
SF:lib\atoms\app_icon\app_icon.dart
DA:7,12
DA:17,3
DA:22,2
DA:32,2
DA:37,1
DA:47,2
DA:52,1
DA:62,1
DA:67,0
DA:82,9
DA:84,9
DA:85,27
DA:87,9
DA:88,9
DA:89,9
DA:91,9
DA:95,9
DA:100,3
DA:101,3
DA:102,9
DA:103,3
DA:104,6
DA:110,9
DA:111,9
DA:112,9
DA:114,9
DA:116,9
DA:118,5
DA:120,4
DA:125,3
DA:127,3
DA:129,3
DA:130,3
DA:132,3
DA:134,3
DA:136,1
DA:138,1
DA:147,1
DA:152,1
DA:162,1
DA:167,1
DA:177,1
DA:182,1
DA:192,1
DA:197,1
LF:45
LH:44
end_of_record
SF:lib\atoms\app_image\app_image.dart
DA:7,3
DA:19,2
DA:34,2
DA:38,2
DA:40,1
DA:41,1
DA:42,1
DA:43,1
DA:44,1
DA:45,1
DA:46,1
DA:47,1
DA:52,2
DA:53,2
DA:54,2
DA:55,2
DA:56,2
DA:57,2
DA:58,2
DA:60,0
DA:62,1
DA:63,1
DA:69,2
DA:70,1
DA:71,1
DA:79,0
DA:80,0
DA:81,0
DA:84,0
DA:85,0
DA:86,0
DA:87,0
DA:88,0
DA:89,0
DA:90,0
DA:91,0
DA:98,1
DA:99,1
DA:100,0
DA:103,1
DA:104,1
DA:105,1
DA:106,3
DA:107,1
DA:109,3
DA:110,2
DA:111,5
DA:121,1
DA:129,1
DA:130,1
DA:144,1
DA:154,1
DA:160,1
DA:168,1
DA:177,1
DA:182,2
LF:56
LH:43
end_of_record
SF:lib\atoms\app_divider\app_divider.dart
DA:7,17
DA:24,1
DA:26,1
DA:27,3
DA:28,3
DA:32,2
DA:33,1
DA:36,1
DA:37,1
DA:41,1
DA:44,1
DA:45,1
DA:51,1
DA:52,1
DA:53,1
DA:65,0
DA:71,0
DA:82,0
DA:88,0
DA:99,0
DA:106,0
DA:117,0
DA:121,0
DA:130,0
DA:135,0
LF:25
LH:15
end_of_record
SF:lib\atoms\app_spacer\app_spacer.dart
DA:7,91
DA:16,1
DA:28,8
DA:31,16
DA:32,1
DA:33,1
DA:34,1
DA:39,8
DA:41,16
DA:42,2
DA:44,8
DA:48,8
DA:49,8
DA:50,8
DA:52,7
DA:54,7
DA:56,4
DA:58,3
DA:60,2
DA:69,1
DA:77,1
DA:85,1
DA:93,1
DA:101,1
DA:109,1
DA:117,1
DA:125,1
DA:133,1
DA:141,1
DA:149,1
DA:157,1
DA:165,1
DA:166,1
LF:33
LH:33
end_of_record
SF:lib\atoms\app_semantic_icons\app_semantic_icons.dart
DA:17,0
DA:20,1
LF:2
LH:1
end_of_record
SF:lib\feedback\app_dialog.dart
DA:79,0
DA:100,0
DA:110,0
DA:114,0
DA:117,0
DA:132,0
DA:144,0
DA:146,0
DA:147,0
DA:149,0
DA:151,0
DA:152,0
DA:153,0
DA:154,0
DA:157,0
DA:159,0
DA:161,0
DA:166,0
DA:167,0
DA:168,0
DA:170,0
DA:175,0
DA:178,0
DA:183,0
DA:184,0
DA:186,0
DA:189,0
DA:190,0
DA:192,0
DA:195,0
DA:197,0
DA:198,0
DA:200,0
DA:208,0
DA:209,0
DA:214,0
DA:215,0
DA:218,0
DA:219,0
DA:220,0
DA:222,0
DA:223,0
LF:42
LH:0
end_of_record
SF:lib\feedback\app_snackbar.dart
DA:45,0
DA:59,0
DA:60,0
DA:76,0
DA:77,0
DA:93,0
DA:94,0
DA:113,0
DA:119,0
DA:121,0
DA:122,0
DA:126,0
DA:127,0
DA:128,0
DA:130,0
DA:131,0
DA:132,0
DA:134,0
DA:135,0
DA:136,0
DA:141,0
DA:142,0
DA:150,0
DA:151,0
DA:156,0
LF:25
LH:0
end_of_record
SF:lib\molecules\form_field\app_form_field.dart
DA:32,2
DA:104,1
DA:106,1
DA:107,1
DA:109,1
DA:112,1
DA:114,2
DA:115,1
DA:116,1
DA:118,1
DA:119,1
DA:120,2
DA:127,1
DA:128,1
DA:129,2
DA:130,1
DA:131,1
DA:132,1
DA:133,1
DA:134,1
DA:135,1
DA:136,1
DA:137,1
DA:138,1
DA:139,3
DA:140,1
DA:141,1
DA:142,2
DA:144,1
DA:145,1
DA:146,3
DA:147,2
DA:149,1
DA:150,1
DA:152,1
DA:155,1
DA:156,1
DA:158,1
DA:162,1
DA:163,1
DA:164,1
DA:165,1
DA:169,1
DA:170,1
DA:171,1
DA:172,1
DA:176,1
DA:177,1
DA:178,1
DA:179,1
DA:183,1
DA:184,1
DA:185,1
DA:186,1
DA:190,1
DA:191,1
DA:192,1
DA:193,1
DA:197,1
DA:198,1
DA:199,1
DA:200,2
DA:205,1
DA:206,1
DA:207,2
DA:218,3
DA:220,1
DA:222,1
DA:223,2
DA:225,1
DA:226,1
DA:227,1
DA:228,1
DA:229,0
LF:74
LH:73
end_of_record
SF:lib\molecules\app_section\app_section.dart
DA:41,4
DA:62,3
DA:64,3
DA:65,3
DA:67,3
DA:68,3
DA:69,3
DA:72,3
DA:74,3
DA:75,3
DA:77,3
DA:82,4
DA:84,1
DA:85,1
DA:87,1
DA:94,3
DA:97,3
LF:17
LH:17
end_of_record
SF:lib\molecules\list_item\app_list_item.dart
DA:36,2
DA:64,1
DA:66,1
DA:67,1
DA:70,1
DA:72,1
DA:74,1
DA:76,1
DA:77,2
DA:78,1
DA:79,1
DA:84,1
DA:86,1
DA:88,2
DA:89,1
DA:92,1
DA:94,1
DA:104,1
DA:105,1
DA:108,1
DA:110,1
DA:111,1
DA:113,1
DA:114,1
DA:115,2
DA:122,2
DA:124,1
DA:125,1
DA:127,1
DA:128,1
DA:129,2
DA:139,2
DA:144,1
DA:145,1
LF:34
LH:34
end_of_record
SF:lib\molecules\app_card\app_card.dart
DA:58,8
DA:76,7
DA:78,7
DA:79,7
DA:82,7
DA:83,7
DA:84,7
DA:88,7
DA:89,7
DA:91,7
DA:92,7
DA:93,7
DA:94,7
DA:101,1
DA:103,1
DA:104,1
DA:105,1
DA:106,1
DA:109,1
DA:111,1
DA:112,1
DA:113,1
LF:22
LH:22
end_of_record
SF:lib\molecules\app_labeled_card\app_labeled_card.dart
DA:41,2
DA:61,1
DA:63,1
DA:64,1
DA:67,1
DA:69,1
DA:70,1
DA:71,1
DA:75,1
DA:76,1
DA:81,1
DA:82,1
DA:93,1
DA:97,1
DA:106,1
DA:110,1
DA:119,1
DA:123,1
LF:18
LH:18
end_of_record
SF:lib\molecules\app_empty_state\app_empty_state.dart
DA:39,3
DA:71,2
DA:73,2
DA:74,2
DA:77,2
DA:79,4
DA:80,2
DA:81,2
DA:85,2
DA:86,1
DA:87,1
DA:96,2
DA:97,2
DA:99,2
DA:103,3
DA:105,1
DA:106,1
DA:108,1
DA:113,4
DA:115,1
DA:116,1
DA:117,1
LF:22
LH:22
end_of_record
SF:lib\molecules\app_price\app_price.dart
DA:41,1
DA:65,1
DA:67,1
DA:70,1
DA:71,1
DA:72,1
DA:74,1
DA:76,1
DA:77,2
DA:80,2
DA:81,1
DA:85,1
DA:86,2
DA:87,1
DA:88,2
DA:90,1
DA:97,1
DA:98,2
DA:99,1
DA:100,1
DA:101,5
DA:102,1
DA:107,1
DA:109,2
DA:110,1
DA:111,3
DA:114,2
DA:118,1
DA:119,1
DA:120,1
DA:121,1
DA:123,1
DA:124,1
DA:126,1
DA:128,0
LF:35
LH:34
end_of_record
SF:lib\molecules\app_icon_group\app_icon_group.dart
DA:37,3
DA:57,2
DA:60,4
DA:66,2
DA:67,2
DA:68,2
DA:69,2
DA:70,2
DA:74,2
DA:75,1
DA:77,1
DA:95,2
DA:96,2
DA:97,2
DA:99,2
DA:101,2
DA:103,2
DA:105,1
DA:107,1
DA:113,2
DA:114,2
DA:115,2
DA:117,2
DA:119,2
DA:121,1
DA:123,1
DA:125,1
DA:134,1
DA:139,1
DA:148,1
DA:153,1
DA:162,1
DA:167,1
LF:33
LH:33
end_of_record
SF:lib\organisms\app_product_list_item\app_product_list_item.dart
DA:6,0
DA:38,0
DA:40,0
DA:41,0
DA:44,0
DA:46,0
DA:48,0
DA:50,0
DA:51,0
DA:52,0
DA:53,0
DA:58,0
DA:60,0
DA:62,0
DA:63,0
DA:71,0
DA:72,0
DA:76,0
DA:81,0
DA:84,0
DA:86,0
DA:99,0
DA:100,0
DA:102,0
DA:105,0
DA:106,0
DA:107,0
DA:108,0
DA:116,0
DA:117,0
DA:120,0
DA:122,0
DA:123,0
DA:125,0
DA:126,0
DA:127,0
DA:134,0
DA:136,0
DA:137,0
DA:139,0
DA:140,0
DA:141,0
DA:148,0
DA:150,0
DA:151,0
DA:153,0
DA:154,0
DA:155,0
LF:48
LH:0
end_of_record
SF:lib\organisms\app_form_section\app_form_section.dart
DA:29,0
DA:53,0
DA:55,0
DA:56,0
DA:58,0
DA:59,0
DA:60,0
DA:63,0
DA:65,0
DA:66,0
DA:68,0
DA:72,0
DA:74,0
DA:75,0
DA:77,0
DA:82,0
DA:85,0
DA:88,0
LF:18
LH:0
end_of_record
SF:lib\organisms\app_card_list\app_card_list.dart
DA:61,0
DA:93,0
DA:95,0
DA:96,0
DA:99,0
DA:101,0
DA:102,0
DA:103,0
DA:106,0
DA:108,0
DA:109,0
DA:110,0
DA:112,0
DA:118,0
DA:119,0
DA:121,0
DA:128,0
DA:129,0
DA:130,0
DA:131,0
DA:132,0
DA:133,0
DA:134,0
DA:139,0
DA:140,0
DA:144,0
DA:146,0
DA:147,0
DA:150,0
DA:151,0
DA:155,0
LF:31
LH:0
end_of_record
SF:lib\organisms\app_empty_state_section\app_empty_state_section.dart
DA:42,0
DA:54,0
DA:100,0
DA:102,0
DA:103,0
DA:105,0
DA:107,0
DA:109,0
DA:111,0
DA:112,0
DA:113,0
DA:114,0
DA:115,0
DA:117,0
DA:119,0
DA:120,0
DA:122,0
DA:123,0
DA:127,0
DA:134,0
DA:135,0
DA:136,0
DA:138,0
DA:139,0
DA:144,0
DA:145,0
DA:148,0
DA:149,0
DA:151,0
DA:152,0
DA:155,0
DA:156,0
DA:157,0
DA:158,0
DA:160,0
DA:161,0
DA:166,0
DA:167,0
DA:168,0
DA:170,0
DA:171,0
DA:172,0
DA:174,0
DA:177,0
DA:178,0
DA:179,0
DA:180,0
DA:182,0
LF:48
LH:0
end_of_record
SF:lib\organisms\app_settings_group\app_settings_group.dart
DA:52,0
DA:87,0
DA:89,0
DA:90,0
DA:93,0
DA:96,0
DA:98,0
DA:99,0
DA:100,0
DA:101,0
DA:103,0
DA:105,0
DA:107,0
DA:108,0
DA:109,0
DA:111,0
DA:114,0
DA:118,0
DA:119,0
DA:120,0
DA:123,0
DA:124,0
DA:126,0
DA:134,0
DA:135,0
DA:140,0
DA:141,0
DA:142,0
DA:144,0
DA:145,0
LF:30
LH:0
end_of_record
SF:lib\theme\app_colors.dart
DA:24,8
DA:92,0
DA:93,0
DA:94,0
DA:95,0
LF:5
LH:1
end_of_record
SF:lib\theme\app_color_scheme.dart
DA:37,0
DA:40,0
DA:45,0
DA:46,0
DA:47,0
DA:48,0
DA:51,0
DA:52,0
DA:53,0
DA:54,0
DA:57,0
DA:58,0
DA:59,0
DA:60,0
DA:63,0
DA:64,0
DA:65,0
DA:66,0
DA:69,0
DA:70,0
DA:73,0
DA:74,0
DA:75,0
DA:76,0
DA:79,0
DA:80,0
DA:83,0
DA:84,0
DA:85,0
DA:88,0
DA:101,0
DA:104,0
DA:109,0
DA:110,0
DA:111,0
DA:112,0
DA:115,0
DA:116,0
DA:117,0
DA:118,0
DA:121,0
DA:122,0
DA:123,0
DA:124,0
DA:127,0
DA:128,0
DA:129,0
DA:130,0
DA:133,0
DA:134,0
DA:137,0
DA:138,0
DA:139,0
DA:140,0
DA:143,0
DA:144,0
DA:147,0
DA:148,0
DA:149,0
DA:152,0
LF:60
LH:0
end_of_record
SF:lib\theme\app_theme.dart
DA:36,0
DA:42,0
DA:43,0
DA:44,0
DA:46,0
DA:53,0
DA:57,0
DA:58,0
DA:59,0
DA:60,0
DA:61,0
DA:63,0
DA:64,0
DA:70,0
DA:71,0
DA:72,0
DA:73,0
DA:75,0
DA:76,0
DA:77,0
DA:78,0
DA:80,0
DA:89,0
DA:91,0
DA:92,0
DA:93,0
DA:94,0
DA:95,0
DA:99,0
DA:100,0
DA:101,0
DA:102,0
DA:106,0
DA:107,0
DA:108,0
DA:109,0
DA:113,0
DA:114,0
DA:115,0
DA:116,0
DA:120,0
DA:121,0
DA:122,0
DA:123,0
DA:127,0
DA:128,0
DA:130,0
DA:131,0
DA:137,0
DA:138,0
DA:144,0
DA:145,0
DA:155,0
DA:156,0
DA:157,0
DA:159,0
DA:166,0
DA:170,0
DA:171,0
DA:172,0
DA:173,0
DA:174,0
DA:176,0
DA:177,0
DA:183,0
DA:184,0
DA:185,0
DA:186,0
DA:188,0
DA:189,0
DA:190,0
DA:191,0
DA:193,0
DA:202,0
DA:204,0
DA:205,0
DA:206,0
DA:207,0
DA:208,0
DA:212,0
DA:213,0
DA:214,0
DA:215,0
DA:219,0
DA:220,0
DA:221,0
DA:222,0
DA:226,0
DA:227,0
DA:228,0
DA:229,0
DA:233,0
DA:234,0
DA:235,0
DA:236,0
DA:240,0
DA:241,0
DA:243,0
DA:244,0
DA:250,0
DA:251,0
DA:257,0
DA:258,0
LF:103
LH:0
end_of_record
SF:lib\templates\product_list\product_list_template.dart
DA:84,0
DA:166,0
DA:170,0
DA:172,0
DA:175,0
DA:187,0
DA:188,0
DA:190,0
DA:191,0
DA:192,0
DA:196,0
DA:197,0
DA:199,0
DA:200,0
LF:14
LH:0
end_of_record
SF:lib\templates\form_pages\form_page_template.dart
DA:87,0
DA:161,0
DA:163,0
DA:166,0
DA:169,0
DA:171,0
DA:172,0
DA:173,0
DA:177,0
DA:180,0
DA:183,0
DA:195,0
DA:196,0
DA:198,0
DA:200,0
DA:203,0
DA:204,0
DA:219,0
DA:221,0
DA:222,0
DA:225,0
DA:226,0
DA:227,0
DA:230,0
DA:232,0
DA:235,0
DA:236,0
DA:239,0
LF:28
LH:0
end_of_record
SF:lib\templates\empty_state_dashboard\empty_state_dashboard_template.dart
DA:91,0
DA:186,0
DA:190,0
DA:192,0
DA:195,0
DA:197,0
DA:200,0
DA:203,0
DA:215,0
DA:216,0
DA:218,0
DA:219,0
DA:220,0
DA:230,0
DA:231,0
DA:233,0
DA:234,0
DA:235,0
LF:18
LH:0
end_of_record
SF:lib\templates\settings_page\settings_page_template.dart
DA:90,0
DA:159,0
DA:161,0
DA:164,0
DA:167,0
DA:169,0
DA:170,0
DA:171,0
DA:175,0
DA:178,0
DA:191,0
DA:192,0
DA:194,0
DA:196,0
DA:199,0
DA:200,0
LF:16
LH:0
end_of_record
SF:lib\templates\app_page\app_page.dart
DA:5,0
DA:22,0
DA:24,0
DA:25,0
DA:26,0
DA:27,0
DA:32,0
DA:33,0
DA:35,0
DA:36,0
DA:37,0
LF:11
LH:0
end_of_record
SF:lib\theme\app_text_theme.dart
DA:50,0
DA:51,0
DA:54,0
DA:57,0
DA:59,0
DA:64,0
DA:69,0
DA:74,0
DA:79,0
DA:84,0
DA:89,0
DA:94,0
DA:99,0
DA:104,0
DA:109,0
DA:114,0
DA:119,0
DA:124,0
DA:129,0
LF:19
LH:0
end_of_record
