SF:lib\atoms\app_text\app_text.dart
DA:39,1
DA:60,1
DA:62,1
DA:65,1
DA:68,1
DA:69,1
DA:70,1
DA:71,1
DA:74,1
DA:75,1
DA:77,1
DA:78,1
DA:79,1
DA:83,1
DA:84,1
DA:86,1
DA:87,1
DA:88,1
DA:89,0
DA:90,1
DA:91,1
DA:92,0
DA:93,1
DA:94,1
DA:95,0
DA:96,1
DA:97,1
DA:98,0
DA:99,1
DA:100,1
DA:101,0
DA:102,1
DA:103,1
DA:104,0
DA:105,1
DA:106,1
DA:107,0
DA:108,1
DA:109,1
DA:110,0
DA:111,1
DA:112,1
DA:113,0
DA:114,1
DA:115,1
DA:116,0
DA:121,0
DA:122,0
LF:48
LH:36
end_of_record
SF:lib\atoms\app_button\app_button.dart
DA:7,2
DA:26,1
DA:28,1
DA:31,3
DA:33,1
DA:35,5
DA:36,0
DA:38,5
DA:39,0
DA:41,1
DA:42,1
DA:43,1
DA:44,1
DA:49,1
DA:50,1
DA:51,1
DA:52,1
DA:53,1
DA:61,1
DA:63,2
DA:64,3
DA:67,1
DA:69,1
DA:70,3
DA:72,3
DA:77,3
DA:80,1
DA:81,1
DA:83,1
DA:84,1
DA:85,1
DA:86,1
DA:87,1
DA:88,1
DA:89,1
DA:90,1
DA:93,1
DA:94,1
DA:95,1
DA:96,1
DA:97,1
DA:98,1
DA:99,1
DA:102,1
DA:103,1
DA:104,1
DA:105,1
DA:106,1
DA:107,1
DA:109,2
DA:111,1
DA:112,1
DA:113,1
DA:114,1
DA:115,1
DA:116,1
DA:122,1
DA:123,1
DA:124,1
DA:126,1
DA:128,1
DA:130,1
DA:135,0
DA:136,0
DA:137,0
DA:139,0
DA:141,0
DA:143,0
DA:148,1
DA:149,1
DA:150,1
DA:152,1
DA:154,1
DA:156,1
DA:161,1
DA:162,1
DA:163,1
DA:165,1
DA:167,1
DA:169,1
LF:80
LH:72
end_of_record
SF:lib\atoms\app_icon\app_icon.dart
DA:7,3
DA:17,2
DA:22,1
DA:32,2
DA:37,1
DA:47,1
DA:52,0
DA:62,1
DA:67,0
DA:82,2
DA:84,2
DA:85,6
DA:87,2
DA:88,2
DA:89,2
DA:91,2
DA:95,2
DA:100,2
DA:101,2
DA:102,6
DA:103,2
DA:104,4
DA:110,2
DA:111,2
DA:112,2
DA:114,2
DA:116,2
DA:118,1
DA:120,1
DA:125,2
DA:127,2
DA:129,2
DA:130,2
DA:132,2
DA:134,2
DA:136,1
DA:138,1
DA:147,1
DA:152,1
DA:162,1
DA:167,1
DA:177,1
DA:182,1
DA:192,1
DA:197,1
LF:45
LH:43
end_of_record
SF:lib\atoms\app_image\app_image.dart
DA:7,2
DA:19,1
DA:34,1
DA:38,1
DA:40,1
DA:41,1
DA:42,1
DA:43,1
DA:44,1
DA:45,1
DA:46,1
DA:47,1
DA:52,1
DA:53,1
DA:54,1
DA:55,1
DA:56,1
DA:57,1
DA:58,1
DA:60,0
DA:62,1
DA:63,1
DA:69,1
DA:70,1
DA:71,1
DA:79,0
DA:80,0
DA:81,0
DA:84,0
DA:85,0
DA:86,0
DA:87,0
DA:88,0
DA:89,0
DA:90,0
DA:91,0
DA:98,1
DA:99,1
DA:100,0
DA:103,1
DA:104,1
DA:105,1
DA:106,3
DA:107,1
DA:109,3
DA:110,2
DA:111,5
DA:121,1
DA:129,1
DA:130,1
DA:144,1
DA:154,1
DA:160,1
DA:168,1
DA:177,1
DA:182,2
LF:56
LH:43
end_of_record
SF:lib\atoms\app_divider\app_divider.dart
DA:7,1
DA:24,1
DA:26,1
DA:27,3
DA:28,3
DA:32,2
DA:33,1
DA:36,1
DA:37,1
DA:41,1
DA:44,1
DA:45,1
DA:51,1
DA:52,1
DA:53,1
DA:65,0
DA:71,0
DA:82,0
DA:88,0
DA:99,0
DA:106,0
DA:117,0
DA:121,0
DA:130,0
DA:135,0
LF:25
LH:15
end_of_record
SF:lib\atoms\app_spacer\app_spacer.dart
DA:7,8
DA:16,1
DA:28,1
DA:31,2
DA:32,1
DA:33,1
DA:34,1
DA:39,1
DA:41,2
DA:42,1
DA:44,1
DA:48,1
DA:49,1
DA:50,1
DA:52,1
DA:54,1
DA:56,1
DA:58,1
DA:60,1
DA:69,1
DA:77,1
DA:85,1
DA:93,1
DA:101,1
DA:109,1
DA:117,1
DA:125,1
DA:133,1
DA:141,1
DA:149,1
DA:157,1
DA:165,1
DA:166,1
LF:33
LH:33
end_of_record
SF:lib\atoms\app_semantic_icons\app_semantic_icons.dart
DA:17,0
DA:20,1
LF:2
LH:1
end_of_record
